 _________________________________________________

 KRAKENC-Elba waveguide                                                          
 Nominal Frequency =   100.0    Hz
 NMedia    =   3


     N2-Linear approximation to SSP
     Attenuation units: dB/wavelength
     THORP volume attenuation added


   z (m)     alphaR (m/s)   betaR  rho (g/cm^3)  alphaI     betaI

     VACUUM

       ( # mesh points =     0  RMS roughness =   0.00     m )
      0.00      1511.15      0.00     1.00       0.0000    0.0000
      1.00      1511.15      0.00     1.00       0.0000    0.0000
      2.00      1511.15      0.00     1.00       0.0000    0.0000
      3.00      1511.15      0.00     1.00       0.0000    0.0000
      4.00      1511.15      0.00     1.00       0.0000    0.0000
      5.00      1511.12      0.00     1.00       0.0000    0.0000
      6.00      1511.10      0.00     1.00       0.0000    0.0000
      7.00      1511.02      0.00     1.00       0.0000    0.0000
      8.00      1510.72      0.00     1.00       0.0000    0.0000
      9.00      1510.45      0.00     1.00       0.0000    0.0000
     10.00      1510.25      0.00     1.00       0.0000    0.0000
     11.00      1510.12      0.00     1.00       0.0000    0.0000
     12.00      1509.90      0.00     1.00       0.0000    0.0000
     13.00      1509.66      0.00     1.00       0.0000    0.0000
     14.00      1509.29      0.00     1.00       0.0000    0.0000
     15.00      1508.99      0.00     1.00       0.0000    0.0000
     16.00      1508.67      0.00     1.00       0.0000    0.0000
     17.00      1508.32      0.00     1.00       0.0000    0.0000
     18.00      1508.13      0.00     1.00       0.0000    0.0000
     19.00      1507.97      0.00     1.00       0.0000    0.0000
     20.00      1507.62      0.00     1.00       0.0000    0.0000
     21.00      1507.37      0.00     1.00       0.0000    0.0000
     22.00      1507.21      0.00     1.00       0.0000    0.0000
     23.00      1507.06      0.00     1.00       0.0000    0.0000
     24.00      1506.95      0.00     1.00       0.0000    0.0000
     25.00      1506.82      0.00     1.00       0.0000    0.0000
     26.00      1506.68      0.00     1.00       0.0000    0.0000
     27.00      1506.56      0.00     1.00       0.0000    0.0000
     28.00      1506.39      0.00     1.00       0.0000    0.0000
     29.00      1506.30      0.00     1.00       0.0000    0.0000
     30.00      1506.23      0.00     1.00       0.0000    0.0000
     31.00      1506.15      0.00     1.00       0.0000    0.0000
     32.00      1506.07      0.00     1.00       0.0000    0.0000
     33.00      1505.91      0.00     1.00       0.0000    0.0000
     34.00      1505.72      0.00     1.00       0.0000    0.0000
     35.00      1505.60      0.00     1.00       0.0000    0.0000
     36.00      1505.55      0.00     1.00       0.0000    0.0000
     37.00      1505.49      0.00     1.00       0.0000    0.0000
     38.00      1505.45      0.00     1.00       0.0000    0.0000
     39.00      1505.41      0.00     1.00       0.0000    0.0000
     40.00      1505.35      0.00     1.00       0.0000    0.0000
     41.00      1505.30      0.00     1.00       0.0000    0.0000
     42.00      1505.24      0.00     1.00       0.0000    0.0000
     43.00      1505.20      0.00     1.00       0.0000    0.0000
     44.00      1505.15      0.00     1.00       0.0000    0.0000
     45.00      1505.11      0.00     1.00       0.0000    0.0000
     46.00      1505.08      0.00     1.00       0.0000    0.0000
     47.00      1505.06      0.00     1.00       0.0000    0.0000
     48.00      1505.05      0.00     1.00       0.0000    0.0000
     49.00      1505.02      0.00     1.00       0.0000    0.0000
     50.00      1504.99      0.00     1.00       0.0000    0.0000
     51.00      1504.94      0.00     1.00       0.0000    0.0000
     52.00      1504.89      0.00     1.00       0.0000    0.0000
     53.00      1504.86      0.00     1.00       0.0000    0.0000
     54.00      1504.83      0.00     1.00       0.0000    0.0000
     55.00      1504.80      0.00     1.00       0.0000    0.0000
     56.00      1504.77      0.00     1.00       0.0000    0.0000
     57.00      1504.74      0.00     1.00       0.0000    0.0000
     58.00      1504.72      0.00     1.00       0.0000    0.0000
     59.00      1504.68      0.00     1.00       0.0000    0.0000
     60.00      1504.64      0.00     1.00       0.0000    0.0000
     61.00      1504.60      0.00     1.00       0.0000    0.0000
     62.00      1504.59      0.00     1.00       0.0000    0.0000
     63.00      1504.55      0.00     1.00       0.0000    0.0000
     64.00      1504.53      0.00     1.00       0.0000    0.0000
     65.00      1504.52      0.00     1.00       0.0000    0.0000
     66.00      1504.52      0.00     1.00       0.0000    0.0000
     67.00      1504.51      0.00     1.00       0.0000    0.0000
     68.00      1504.51      0.00     1.00       0.0000    0.0000
     69.00      1504.50      0.00     1.00       0.0000    0.0000
     70.00      1504.48      0.00     1.00       0.0000    0.0000
     71.00      1504.45      0.00     1.00       0.0000    0.0000
     72.00      1504.45      0.00     1.00       0.0000    0.0000
     73.00      1504.43      0.00     1.00       0.0000    0.0000
     74.00      1504.40      0.00     1.00       0.0000    0.0000
     75.00      1504.37      0.00     1.00       0.0000    0.0000
     76.00      1504.36      0.00     1.00       0.0000    0.0000
     77.00      1504.35      0.00     1.00       0.0000    0.0000
     78.00      1504.34      0.00     1.00       0.0000    0.0000
     79.00      1504.32      0.00     1.00       0.0000    0.0000
     80.00      1504.29      0.00     1.00       0.0000    0.0000
     81.00      1504.27      0.00     1.00       0.0000    0.0000
     82.00      1504.25      0.00     1.00       0.0000    0.0000
     83.00      1504.22      0.00     1.00       0.0000    0.0000
     84.00      1504.20      0.00     1.00       0.0000    0.0000
     85.00      1504.17      0.00     1.00       0.0000    0.0000
     86.00      1504.16      0.00     1.00       0.0000    0.0000
     87.00      1504.14      0.00     1.00       0.0000    0.0000
     88.00      1504.11      0.00     1.00       0.0000    0.0000
     89.00      1504.08      0.00     1.00       0.0000    0.0000
     90.00      1504.06      0.00     1.00       0.0000    0.0000
     91.00      1504.04      0.00     1.00       0.0000    0.0000
     92.00      1504.02      0.00     1.00       0.0000    0.0000
     93.00      1504.00      0.00     1.00       0.0000    0.0000
     94.00      1504.00      0.00     1.00       0.0000    0.0000
     95.00      1503.98      0.00     1.00       0.0000    0.0000
     96.00      1503.98      0.00     1.00       0.0000    0.0000
     97.00      1503.98      0.00     1.00       0.0000    0.0000
     98.00      1503.98      0.00     1.00       0.0000    0.0000
        ( Number mesh points auto calc. =          130  )

       ( # mesh points =     0  RMS roughness =   0.00     m )
     98.00      1600.00    130.00     1.49       0.1000    1.7000
    103.00      1600.00    130.00     1.49       0.1000    1.7000
        ( Number mesh points auto calc. =           76  )

       ( # mesh points =     0  RMS roughness =   0.00     m )
    103.00      1800.00    500.00     1.90       0.9000    2.5000
    128.00      1800.00    500.00     1.90       0.9000    2.5000
        ( Number mesh points auto calc. =          100  )

                              ( RMS roughness =   0.00     m )
     ACOUSTO-ELASTIC half-space
    128.00      2500.00    900.00     2.40       0.0100    0.0100

 cLow =   500.00     m/s      cHigh =   1800.0     m/s
 RMax =   1.0000     km

 __________________________________________________________________________

 Number of Source   depths, Sz =            1
 Source   depths, Sz (m)
   10.0000    


 __________________________________________________________________________

 Number of Receiver depths, Rz =          151
 Receiver depths, Rz (m)
   0.00000       1.00000       2.00000       3.00000       4.00000    
   5.00000       6.00000       7.00000       8.00000       9.00000    
          ... 
   150.000    

 Warning in ReadSzRz : Receiver below or too near the bottom bdry has been moved up

 Mesh multiplier   CPU seconds
 Max. number of restarts in root finder, MaxTries =            1
        1             0.00    s
 Max. number of restarts in root finder, MaxTries =            1
        2             0.00    s

    I    k (1/m)            alpha (1/m)   Phase Speed (m/s) Group Speed (m/s)
    1   1.052482459     -0.7315964950E-01   596.9871759       21895102.56    
    2  0.9563792973     -0.8156837672E-01   656.9762985       17919388.37    
    3  0.8361304096     -0.9020214372E-01   751.4599679       11728664.07    
    4  0.3772000900     -0.2051816108E-03   1665.743321       1448.977152    
    5  0.3618620432     -0.3670736395E-03   1736.348265       1453.489743    
 _________________________________________________

 End of environmental file
