
 __________________________________________________________________________
 Running FIELD
 Sums modes, producing pressure

 Point source
 Omnidirectional source
 Coherent mode addition

 __________________________________________________________________________

 Number of Profile ranges, RProf =            1
 Profile ranges, RProf (km)
   0.00000    

 Range-independent calculation

 __________________________________________________________________________

 Number of Receiver ranges, Rr =          201
 Receiver ranges, Rr (km)
   0.00000      0.500000E-02  0.100000E-01  0.150000E-01  0.200000E-01
  0.250000E-01  0.300000E-01  0.350000E-01  0.400000E-01  0.450000E-01
          ... 
   1.00000    


 __________________________________________________________________________

 Number of Source   depths, Sz =            1
 Source   depths, Sz (m)
   10.0000    


 __________________________________________________________________________

 Number of Receiver depths, Rz =          151
 Receiver depths, Rz (m)
   0.00000       1.00000       2.00000       3.00000       4.00000    
   5.00000       6.00000       7.00000       8.00000       9.00000    
          ... 
   150.000    


 __________________________________________________________________________

 Number of receiver range offsets (array tilt), Rro =          151
 receiver range offsets (array tilt), Rro (m)
   0.00000       0.00000       0.00000       0.00000       0.00000    
   0.00000       0.00000       0.00000       0.00000       0.00000    
          ... 
   0.00000    


 Receiver depth:    129.000000    
 Lowest valid depth:    128.000000    
 Warning in GetMode : Rcvr below depth of bottom
 Receiver depth:    130.000000    
 Lowest valid depth:    128.000000    
 Warning in GetMode : Rcvr below depth of bottom
 Receiver depth:    131.000000    
 Lowest valid depth:    128.000000    
 Warning in GetMode : Rcvr below depth of bottom
 Receiver depth:    132.000000    
 Lowest valid depth:    128.000000    
 Warning in GetMode : Rcvr below depth of bottom
 Receiver depth:    133.000000    
 Lowest valid depth:    128.000000    
 Warning in GetMode : Rcvr below depth of bottom
 Receiver depth:    134.000000    
 Lowest valid depth:    128.000000    
 Warning in GetMode : Rcvr below depth of bottom
 Receiver depth:    135.000000    
 Lowest valid depth:    128.000000    
 Warning in GetMode : Rcvr below depth of bottom
 Receiver depth:    136.000000    
 Lowest valid depth:    128.000000    
 Warning in GetMode : Rcvr below depth of bottom
 Receiver depth:    137.000000    
 Lowest valid depth:    128.000000    
 Warning in GetMode : Rcvr below depth of bottom
 Receiver depth:    138.000000    
 Lowest valid depth:    128.000000    
 Warning in GetMode : Rcvr below depth of bottom
 Receiver depth:    139.000000    
 Lowest valid depth:    128.000000    
 Warning in GetMode : Rcvr below depth of bottom
 Receiver depth:    140.000000    
 Lowest valid depth:    128.000000    
 Warning in GetMode : Rcvr below depth of bottom
 Receiver depth:    141.000000    
 Lowest valid depth:    128.000000    
 Warning in GetMode : Rcvr below depth of bottom
 Receiver depth:    142.000000    
 Lowest valid depth:    128.000000    
 Warning in GetMode : Rcvr below depth of bottom
 Receiver depth:    143.000000    
 Lowest valid depth:    128.000000    
 Warning in GetMode : Rcvr below depth of bottom
 Receiver depth:    144.000000    
 Lowest valid depth:    128.000000    
 Warning in GetMode : Rcvr below depth of bottom
 Receiver depth:    145.000000    
 Lowest valid depth:    128.000000    
 Warning in GetMode : Rcvr below depth of bottom
 Receiver depth:    146.000000    
 Lowest valid depth:    128.000000    
 Warning in GetMode : Rcvr below depth of bottom
 Receiver depth:    147.000000    
 Lowest valid depth:    128.000000    
 Warning in GetMode : Rcvr below depth of bottom
 Receiver depth:    148.000000    
 Lowest valid depth:    128.000000    
 Warning in GetMode : Rcvr below depth of bottom
 Receiver depth:    149.000000    
 Lowest valid depth:    128.000000    
 Warning in GetMode : Rcvr below depth of bottom
 Receiver depth:    150.000000    
 Lowest valid depth:    128.000000    
 Warning in GetMode : Rcvr below depth of bottom
 Field completed successfully
